<?xml version="1.0" encoding="UTF-8"?>
<!-- Generated by org.testng.reporters.JUnitReportReporter -->
<testsuite hostname="eli_5-PC" name="com.scp.demos.Selenium.TestOrangeHRM" tests="1" failures="0" timestamp="5 Aug 2017 08:47:07 GMT" time="143.099" errors="0">
  <testcase name="testSearchFunctionality" time="143.099" classname="com.scp.demos.Selenium.TestOrangeHRM"/>
</testsuite> <!-- com.scp.demos.Selenium.TestOrangeHRM -->
