<?xml version="1.0" encoding="UTF-8"?>
<!-- Generated by org.testng.reporters.JUnitReportReporter -->
<testsuite hostname="eli_5-PC" name="com.scp.demos.Selenium.TestParams" tests="1" failures="0" timestamp="6 Aug 2017 06:03:15 GMT" time="32.535" errors="0">
  <testcase name="scrollPageDemo" time="32.535" classname="com.scp.demos.Selenium.TestParams"/>
</testsuite> <!-- com.scp.demos.Selenium.TestParams -->
