<?xml version="1.0" encoding="UTF-8"?>
<!-- Generated by org.testng.reporters.JUnitReportReporter -->
<testsuite hostname="eli_5-PC" name="com.scp.demos.Selenium.TestParams" tests="1" failures="0" timestamp="30 Jul 2017 08:10:10 GMT" time="30.633" errors="0">
  <testcase name="fillPracticeForm" time="30.633" classname="com.scp.demos.Selenium.TestParams"/>
</testsuite> <!-- com.scp.demos.Selenium.TestParams -->
